\BOOKMARK [0][-]{section*.2}{The Quantum Internet \205 A Vision for the Future}{}% 2
\BOOKMARK [1][-]{section*.1}{Abstract}{section*.2}% 1
\BOOKMARK [1][-]{section*.3}{Contents}{section*.2}% 3
\BOOKMARK [1][-]{section*.4}{Foreword}{section*.2}% 4
\BOOKMARK [1][-]{section*.5}{Introduction}{section*.2}% 5
\BOOKMARK [1][-]{section*.6}{Classical networking protocols}{section*.2}% 6
\BOOKMARK [2][-]{section*.7}{Internet protocol \(IP\)}{section*.6}% 7
\BOOKMARK [2][-]{section*.8}{User datagram protocol \(UDP\)}{section*.6}% 8
\BOOKMARK [2][-]{section*.9}{Transmission control protocol \(TCP\)}{section*.6}% 9
\BOOKMARK [2][-]{section*.10}{Ethernet}{section*.6}% 10
\BOOKMARK [2][-]{section*.11}{Network hierarchies}{section*.6}% 11
\BOOKMARK [1][-]{section*.12}{Mathematical representation of networks}{section*.2}% 12
\BOOKMARK [2][-]{section*.13}{Graph-theoretic representation}{section*.12}% 13
\BOOKMARK [2][-]{section*.14}{Network costs \046 attributes}{section*.12}% 14
\BOOKMARK [2][-]{section*.15}{Flow networks}{section*.12}% 15
\BOOKMARK [2][-]{section*.16}{Routing strategies}{section*.12}% 16
\BOOKMARK [2][-]{section*.17}{Strategy optimisation}{section*.12}% 17
\BOOKMARK [3][-]{section*.18}{Ad hoc operation vs. central authorities}{section*.17}% 18
\BOOKMARK [3][-]{section*.19}{Local vs. global optimisation}{section*.17}% 19
\BOOKMARK [2][-]{section*.20}{Message- vs. packet-level routing}{section*.12}% 20
\BOOKMARK [1][-]{section*.21}{Quantum networks}{section*.2}% 21
\BOOKMARK [1][-]{section*.22}{Quantum channels}{section*.2}% 22
\BOOKMARK [2][-]{section*.23}{Quantum processes}{section*.22}% 23
\BOOKMARK [2][-]{section*.24}{Quantum processes in quantum networks}{section*.22}% 24
\BOOKMARK [2][-]{section*.25}{Characterising quantum channels}{section*.22}% 25
\BOOKMARK [1][-]{section*.26}{Optical encoding of quantum information}{section*.2}% 26
\BOOKMARK [2][-]{section*.27}{Single-photons}{section*.26}% 27
\BOOKMARK [2][-]{section*.28}{Photon-number}{section*.26}% 28
\BOOKMARK [2][-]{section*.29}{Spatio-temporal}{section*.26}% 29
\BOOKMARK [2][-]{section*.30}{Time-bins}{section*.26}% 30
\BOOKMARK [2][-]{section*.31}{Coherent states}{section*.26}% 31
\BOOKMARK [2][-]{section*.32}{Cat states}{section*.26}% 32
\BOOKMARK [2][-]{section*.33}{Thermal states}{section*.26}% 33
\BOOKMARK [2][-]{section*.34}{More exotic states of light}{section*.26}% 34
\BOOKMARK [1][-]{section*.35}{Errors in quantum networks}{section*.2}% 35
\BOOKMARK [2][-]{section*.36}{Known unitaries}{section*.35}% 36
\BOOKMARK [2][-]{section*.37}{Loss}{section*.35}% 37
\BOOKMARK [2][-]{section*.38}{Dephasing}{section*.35}% 38
\BOOKMARK [2][-]{section*.39}{Depolarisation}{section*.35}% 39
\BOOKMARK [2][-]{section*.40}{Amplitude damping}{section*.35}% 40
\BOOKMARK [2][-]{section*.41}{Mode-mismatch}{section*.35}% 41
\BOOKMARK [1][-]{section*.42}{Quantum cost metrics}{section*.2}% 42
\BOOKMARK [2][-]{section*.43}{Efficiency}{section*.42}% 43
\BOOKMARK [2][-]{section*.44}{Decoherence}{section*.42}% 44
\BOOKMARK [2][-]{section*.45}{Fidelity}{section*.42}% 45
\BOOKMARK [2][-]{section*.46}{Purity}{section*.42}% 46
\BOOKMARK [2][-]{section*.47}{Entanglement}{section*.42}% 47
\BOOKMARK [2][-]{section*.48}{Channel capacity}{section*.42}% 48
\BOOKMARK [2][-]{section*.49}{Latency}{section*.42}% 49
\BOOKMARK [2][-]{section*.50}{Dollars}{section*.42}% 50
\BOOKMARK [2][-]{section*.51}{Costs as distance metrics}{section*.42}% 51
\BOOKMARK [2][-]{section*.52}{Non-trivial node operations}{section*.42}% 52
\BOOKMARK [1][-]{section*.53}{Quantum transmission control protocol \(QTCP\)}{section*.2}% 53
\BOOKMARK [1][-]{section*.54}{QTCP protocol stack}{section*.2}% 54
\BOOKMARK [2][-]{section*.55}{Data \(message\)}{section*.54}% 55
\BOOKMARK [3][-]{section*.56}{Quantum data}{section*.55}% 56
\BOOKMARK [3][-]{section*.57}{Classical data}{section*.55}% 57
\BOOKMARK [2][-]{section*.58}{Packet}{section*.54}% 58
\BOOKMARK [3][-]{section*.59}{Packet data}{section*.58}% 59
\BOOKMARK [3][-]{section*.60}{Packet header}{section*.58}% 60
\BOOKMARK [2][-]{section*.61}{Strategy}{section*.54}% 61
\BOOKMARK [2][-]{section*.62}{Transport}{section*.54}% 62
\BOOKMARK [2][-]{section*.63}{Reconstruction}{section*.54}% 63
\BOOKMARK [2][-]{section*.64}{Quality of service \(QoS\)}{section*.54}% 64
\BOOKMARK [2][-]{section*.65}{Services \046 applications}{section*.54}% 65
\BOOKMARK [1][-]{section*.66}{Collision handling \046 classical errors}{section*.2}% 66
\BOOKMARK [1][-]{section*.67}{Strategies}{section*.2}% 67
\BOOKMARK [2][-]{section*.68}{Single user}{section*.67}% 68
\BOOKMARK [2][-]{section*.69}{Multiple users}{section*.67}% 69
\BOOKMARK [2][-]{section*.70}{Round robin}{section*.67}% 70
\BOOKMARK [2][-]{section*.71}{Data priority}{section*.67}% 71
\BOOKMARK [2][-]{section*.72}{Randomisation}{section*.67}% 72
\BOOKMARK [2][-]{section*.73}{Cost priority}{section*.67}% 73
\BOOKMARK [2][-]{section*.74}{All or nothing}{section*.67}% 74
\BOOKMARK [2][-]{section*.75}{Optimal flow}{section*.67}% 75
\BOOKMARK [1][-]{section*.76}{Extensibility of QTCP}{section*.2}% 76
\BOOKMARK [1][-]{section*.77}{Scalability of QTCP}{section*.2}% 77
\BOOKMARK [1][-]{section*.78}{Message- vs. Packet-Level Routing}{section*.2}% 78
\BOOKMARK [1][-]{section*.79}{Interconnecting \046 interfacing quantum networks}{section*.2}% 79
\BOOKMARK [1][-]{section*.80}{Network topologies}{section*.2}% 80
\BOOKMARK [2][-]{section*.81}{Complete}{section*.80}% 81
\BOOKMARK [2][-]{section*.82}{Lattice}{section*.80}% 82
\BOOKMARK [2][-]{section*.83}{Tree}{section*.80}% 83
\BOOKMARK [3][-]{section*.84}{Balanced tree}{section*.83}% 84
\BOOKMARK [3][-]{section*.85}{Random tree}{section*.83}% 85
\BOOKMARK [3][-]{section*.86}{Minimum spanning tree}{section*.83}% 86
\BOOKMARK [3][-]{section*.87}{The internet webgraph}{section*.83}% 87
\BOOKMARK [2][-]{section*.88}{Random}{section*.80}% 88
\BOOKMARK [2][-]{section*.89}{Hybrid}{section*.80}% 89
\BOOKMARK [2][-]{section*.90}{Scale-free networks}{section*.80}% 90
\BOOKMARK [1][-]{section*.91}{Network algorithms}{section*.2}% 91
\BOOKMARK [2][-]{section*.92}{Network exploration \046 pathfinding}{section*.91}% 92
\BOOKMARK [2][-]{section*.93}{Shortest-path}{section*.91}% 93
\BOOKMARK [2][-]{section*.94}{Single-source shortest path}{section*.91}% 94
\BOOKMARK [2][-]{section*.95}{Minimum spanning tree}{section*.91}% 95
\BOOKMARK [2][-]{section*.96}{Minimum cost flow}{section*.91}% 96
\BOOKMARK [2][-]{section*.97}{Maximum flow}{section*.91}% 97
\BOOKMARK [2][-]{section*.98}{Multi-commodity flow}{section*.91}% 98
\BOOKMARK [1][-]{section*.99}{Protocols for the quantum internet}{section*.2}% 99
\BOOKMARK [2][-]{section*.100}{State preparation}{section*.99}% 100
\BOOKMARK [3][-]{section*.101}{Coherent states}{section*.100}% 101
\BOOKMARK [3][-]{section*.102}{Single-photons}{section*.100}% 102
\BOOKMARK [3][-]{section*.103}{NOON states}{section*.100}% 103
\BOOKMARK [3][-]{section*.104}{Cluster states}{section*.100}% 104
\BOOKMARK [3][-]{section*.105}{Greenberger-Horne-Zeilinger states}{section*.100}% 105
\BOOKMARK [3][-]{section*.106}{Bell states}{section*.100}% 106
\BOOKMARK [3][-]{section*.107}{Cat states}{section*.100}% 107
\BOOKMARK [3][-]{section*.108}{More exotic states of light}{section*.100}% 108
\BOOKMARK [3][-]{section*.109}{Matter qubits}{section*.100}% 109
\BOOKMARK [2][-]{section*.110}{Measurement}{section*.99}% 110
\BOOKMARK [3][-]{section*.111}{Photodetection}{section*.110}% 111
\BOOKMARK [3][-]{section*.112}{Homodyning}{section*.110}% 112
\BOOKMARK [3][-]{section*.113}{Bell state projection}{section*.110}% 113
\BOOKMARK [3][-]{section*.114}{Detector banks}{section*.110}% 114
\BOOKMARK [3][-]{section*.115}{Matter qubits}{section*.110}% 115
\BOOKMARK [2][-]{section*.116}{Evolution}{section*.99}% 116
\BOOKMARK [2][-]{section*.117}{Random number generation}{section*.99}% 117
\BOOKMARK [2][-]{section*.118}{Memory}{section*.99}% 118
\BOOKMARK [2][-]{section*.119}{Optical interfacing}{section*.99}% 119
\BOOKMARK [2][-]{section*.120}{Entanglement purification}{section*.99}% 120
\BOOKMARK [2][-]{section*.121}{Quantum teleportation}{section*.99}% 121
\BOOKMARK [2][-]{section*.122}{Entanglement swapping}{section*.99}% 122
\BOOKMARK [2][-]{section*.123}{Quantum repeater networks}{section*.99}% 123
\BOOKMARK [2][-]{section*.124}{Quantum key distribution}{section*.99}% 124
\BOOKMARK [2][-]{section*.125}{Quantum anonymous broadcasting}{section*.99}% 125
\BOOKMARK [2][-]{section*.126}{Superdense coding}{section*.99}% 126
\BOOKMARK [2][-]{section*.127}{Quantum metrology}{section*.99}% 127
\BOOKMARK [1][-]{section*.128}{Cloud quantum computing}{section*.2}% 128
\BOOKMARK [2][-]{section*.129}{Outsourced quantum computation}{section*.128}% 129
\BOOKMARK [2][-]{section*.130}{Distributed quantum computation}{section*.128}% 130
\BOOKMARK [2][-]{section*.131}{Delegated quantum computation}{section*.128}% 131
\BOOKMARK [2][-]{section*.132}{Cluster states}{section*.128}% 132
\BOOKMARK [2][-]{section*.133}{Universal linear optics}{section*.128}% 133
\BOOKMARK [2][-]{section*.134}{Passive linear optics}{section*.128}% 134
\BOOKMARK [2][-]{section*.135}{Continuous variables}{section*.128}% 135
\BOOKMARK [2][-]{section*.136}{Hybrid architectures}{section*.128}% 136
\BOOKMARK [2][-]{section*.137}{Encrypted quantum computation}{section*.128}% 137
\BOOKMARK [3][-]{section*.138}{Passive linear optics}{section*.137}% 138
\BOOKMARK [3][-]{section*.139}{Cluster states}{section*.137}% 139
\BOOKMARK [3][-]{section*.140}{Universal quantum computation}{section*.137}% 140
\BOOKMARK [2][-]{section*.141}{Modularisation}{section*.128}% 141
\BOOKMARK [1][-]{section*.142}{State of the art}{section*.2}% 142
\BOOKMARK [1][-]{section*.143}{The era of quantum technology}{section*.2}% 143
\BOOKMARK [1][-]{section*.144}{The economics of the quantum internet}{section*.2}% 144
\BOOKMARK [1][-]{section*.145}{The vision of the global quantum internet}{section*.2}% 145
\BOOKMARK [1][-]{section*.146}{Acknowledgments}{section*.2}% 146
\BOOKMARK [1][-]{section*.147}{References}{section*.2}% 147
