This is pdfTeX, Version 3.14159265-2.6-1.40.15 (TeX Live 2014) (preloaded format=pdflatex 2014.11.14)  30 SEP 2016 08:48
entering extended mode
 restricted \write18 enabled.
 file:line:error style messages enabled.
 %&-line parsing enabled.
**quantum_internet.tex
(./quantum_internet.tex
LaTeX2e <2014/05/01>
Babel <3.9k> and hyphenation patterns for 78 languages loaded.
(/usr/local/texlive/2014/texmf-dist/tex/latex/revtex4/revtex4.cls
Document Class: revtex4 2001/08/02 v4.0 (http://publish.aps.org/revtex4/ for do
cumentation)
 Copyright (c) 2001 The American Physical Society.
 mailto:revtex@aps.org
 Licensed under the LPPL:
http://www.ctan.org/tex-archive/macros/latex/base/lppl.txt
 Arthur Ogawa <ogawa@teleport.com>
 Based on work by David Carlisle <david@dcarlisle.demon.co.uk>.
ltxutil: portions licensed from W. E. Baxter (web@superscript.com)
Class revtex4 Info: Repairing broken LateX \@sect on input line 596.
\intertabularlinepenalty=\count79
\@tbpen=\count80
\@arstrutbox@hline=\box26
Class revtex4 Info: Repairing broken LaTeX \@xbitor on input line 1610.
ltxgrid: portions licensed from W. E. Baxter (web@superscript.com)
\c@linecount=\count81
\output=\toks14
\@protection@box=\box27
\@topmark@saved=\toks15
\footins@saved=\box28
\pagesofar=\box29
\footbox=\box30
\pagegrid@col=\count82
Class revtex4 Info: Incorporating package {textcase}  [1998/11/12 v0.06 Text on
ly upper/lower case changing (DPC)]. on input line 3682.
(/usr/local/texlive/2014/texmf-dist/tex/latex/url/url.sty
\Urlmuskip=\muskip10
Package: url 2013/09/16  ver 3.4  Verb mode for urls, etc.
)
\c@affil=\count83
\absbox=\box31
\c@part=\count84
\c@section=\count85
\c@subsection=\count86
\c@subsubsection=\count87
\c@paragraph=\count88
\c@subparagraph=\count89
\abovecaptionskip=\skip41
\belowcaptionskip=\skip42
\c@figure=\count90
\c@table=\count91

(/usr/local/texlive/2014/texmf-dist/tex/latex/natbib/natbib.sty
Package: natbib 2010/09/13 8.31b (PWD, AO)
\bibhang=\skip43
\bibsep=\skip44
LaTeX Info: Redefining \cite on input line 694.
\c@NAT@ctr=\count92
)
\widetext@top=\box32
\widetext@bot=\box33

(/usr/local/texlive/2014/texmf-dist/tex/latex/revtex4/revsymb.sty
Package: revsymb 2001/08/02 v4.0 (http://publish.aps.org/revtex4/ for documenta
tion)
LaTeX Info: Redefining \REV@mathfrak on input line 118.
))
(/usr/local/texlive/2014/texmf-dist/tex/latex/amsfonts/amssymb.sty
Package: amssymb 2013/01/14 v3.01 AMS font symbols

(/usr/local/texlive/2014/texmf-dist/tex/latex/amsfonts/amsfonts.sty
Package: amsfonts 2013/01/14 v3.01 Basic AMSFonts support
\@emptytoks=\toks16
\symAMSa=\mathgroup4
\symAMSb=\mathgroup5
LaTeX Font Info:    Overwriting math alphabet `\mathfrak' in version `bold'
(Font)                  U/euf/m/n --> U/euf/b/n on input line 106.
LaTeX Info: Redefining \frak on input line 111.
LaTeX Info: Redefining \Bbb on input line 113.
))
(/usr/local/texlive/2014/texmf-dist/tex/latex/amsmath/amsmath.sty
Package: amsmath 2013/01/14 v2.14 AMS math features
\@mathmargin=\skip45

For additional information on amsmath, use the `?' option.
(/usr/local/texlive/2014/texmf-dist/tex/latex/amsmath/amstext.sty
Package: amstext 2000/06/29 v2.01

(/usr/local/texlive/2014/texmf-dist/tex/latex/amsmath/amsgen.sty
File: amsgen.sty 1999/11/30 v2.0
\@emptytoks=\toks17
\ex@=\dimen102
))
(/usr/local/texlive/2014/texmf-dist/tex/latex/amsmath/amsbsy.sty
Package: amsbsy 1999/11/29 v1.2d
\pmbraise@=\dimen103
)
(/usr/local/texlive/2014/texmf-dist/tex/latex/amsmath/amsopn.sty
Package: amsopn 1999/12/14 v2.01 operator names
)
\inf@bad=\count93
LaTeX Info: Redefining \frac on input line 210.
\uproot@=\count94
\leftroot@=\count95
LaTeX Info: Redefining \overline on input line 306.
\classnum@=\count96
\DOTSCASE@=\count97
LaTeX Info: Redefining \ldots on input line 378.
LaTeX Info: Redefining \dots on input line 381.
LaTeX Info: Redefining \cdots on input line 466.
\Mathstrutbox@=\box34
\strutbox@=\box35
\big@size=\dimen104
LaTeX Font Info:    Redeclaring font encoding OML on input line 566.
LaTeX Font Info:    Redeclaring font encoding OMS on input line 567.
\macc@depth=\count98
\c@MaxMatrixCols=\count99
\dotsspace@=\muskip11
\c@parentequation=\count100
\dspbrk@lvl=\count101
\tag@help=\toks18
\row@=\count102
\column@=\count103
\maxfields@=\count104
\andhelp@=\toks19
\eqnshift@=\dimen105
\alignsep@=\dimen106
\tagshift@=\dimen107
\tagwidth@=\dimen108
\totwidth@=\dimen109
\lineht@=\dimen110
\@envbody=\toks20
\multlinegap=\skip46
\multlinetaggap=\skip47
\mathdisplay@stack=\toks21
LaTeX Info: Redefining \[ on input line 2665.
LaTeX Info: Redefining \] on input line 2666.
)
(/usr/local/texlive/2014/texmf-dist/tex/latex/revtex4/aps.rtx
File: aps.rtx 2001/08/02 v4.0 (http://publish.aps.org/revtex4/ for documentatio
n)

(/usr/local/texlive/2014/texmf-dist/tex/latex/revtex4/rmp.rtx
File: rmp.rtx 2001/08/02 v4.0 (http://publish.aps.org/revtex4/ for documentatio
n)
))
(/usr/local/texlive/2014/texmf-dist/tex/latex/revtex4/10pt.rtx
File: 10pt.rtx 2001/08/02 v4.0 (http://publish.aps.org/revtex4/ for documentati
on)
)
(/usr/local/texlive/2014/texmf-dist/tex/latex/graphics/graphicx.sty
Package: graphicx 2014/04/25 v1.0g Enhanced LaTeX Graphics (DPC,SPQR)

(/usr/local/texlive/2014/texmf-dist/tex/latex/graphics/keyval.sty
Package: keyval 2014/05/08 v1.15 key=value parser (DPC)
\KV@toks@=\toks22
)
(/usr/local/texlive/2014/texmf-dist/tex/latex/graphics/graphics.sty
Package: graphics 2009/02/05 v1.0o Standard LaTeX Graphics (DPC,SPQR)

(/usr/local/texlive/2014/texmf-dist/tex/latex/graphics/trig.sty
Package: trig 1999/03/16 v1.09 sin cos tan (DPC)
)
(/usr/local/texlive/2014/texmf-dist/tex/latex/latexconfig/graphics.cfg
File: graphics.cfg 2010/04/23 v1.9 graphics configuration of TeX Live
)
Package graphics Info: Driver file: pdftex.def on input line 91.

(/usr/local/texlive/2014/texmf-dist/tex/latex/pdftex-def/pdftex.def
File: pdftex.def 2011/05/27 v0.06d Graphics/color for pdfTeX

(/usr/local/texlive/2014/texmf-dist/tex/generic/oberdiek/infwarerr.sty
Package: infwarerr 2010/04/08 v1.3 Providing info/warning/error messages (HO)
)
(/usr/local/texlive/2014/texmf-dist/tex/generic/oberdiek/ltxcmds.sty
Package: ltxcmds 2011/11/09 v1.22 LaTeX kernel commands for general use (HO)
)
\Gread@gobject=\count105
))
\Gin@req@height=\dimen111
\Gin@req@width=\dimen112
)
(/usr/local/texlive/2014/texmf-dist/tex/latex/jknapltx/mathrsfs.sty
Package: mathrsfs 1996/01/01 Math RSFS package v1.0 (jk)
\symrsfs=\mathgroup6
)
(/usr/local/texlive/2014/texmf-dist/tex/latex/hyperref/hyperref.sty
Package: hyperref 2012/11/06 v6.83m Hypertext links for LaTeX

(/usr/local/texlive/2014/texmf-dist/tex/generic/oberdiek/hobsub-hyperref.sty
Package: hobsub-hyperref 2012/05/28 v1.13 Bundle oberdiek, subset hyperref (HO)


(/usr/local/texlive/2014/texmf-dist/tex/generic/oberdiek/hobsub-generic.sty
Package: hobsub-generic 2012/05/28 v1.13 Bundle oberdiek, subset generic (HO)
Package: hobsub 2012/05/28 v1.13 Construct package bundles (HO)
Package hobsub Info: Skipping package `infwarerr' (already loaded).
Package hobsub Info: Skipping package `ltxcmds' (already loaded).
Package: ifluatex 2010/03/01 v1.3 Provides the ifluatex switch (HO)
Package ifluatex Info: LuaTeX not detected.
Package: ifvtex 2010/03/01 v1.5 Detect VTeX and its facilities (HO)
Package ifvtex Info: VTeX not detected.
Package: intcalc 2007/09/27 v1.1 Expandable calculations with integers (HO)
Package: ifpdf 2011/01/30 v2.3 Provides the ifpdf switch (HO)
Package ifpdf Info: pdfTeX in PDF mode is detected.
Package: etexcmds 2011/02/16 v1.5 Avoid name clashes with e-TeX commands (HO)
Package etexcmds Info: Could not find \expanded.
(etexcmds)             That can mean that you are not using pdfTeX 1.50 or
(etexcmds)             that some package has redefined \expanded.
(etexcmds)             In the latter case, load this package earlier.
Package: kvsetkeys 2012/04/25 v1.16 Key value parser (HO)
Package: kvdefinekeys 2011/04/07 v1.3 Define keys (HO)
Package: pdftexcmds 2011/11/29 v0.20 Utility functions of pdfTeX for LuaTeX (HO
)
Package pdftexcmds Info: LuaTeX not detected.
Package pdftexcmds Info: \pdf@primitive is available.
Package pdftexcmds Info: \pdf@ifprimitive is available.
Package pdftexcmds Info: \pdfdraftmode found.
Package: pdfescape 2011/11/25 v1.13 Implements pdfTeX's escape features (HO)
Package: bigintcalc 2012/04/08 v1.3 Expandable calculations on big integers (HO
)
Package: bitset 2011/01/30 v1.1 Handle bit-vector datatype (HO)
Package: uniquecounter 2011/01/30 v1.2 Provide unlimited unique counter (HO)
)
Package hobsub Info: Skipping package `hobsub' (already loaded).
Package: letltxmacro 2010/09/02 v1.4 Let assignment for LaTeX macros (HO)
Package: hopatch 2012/05/28 v1.2 Wrapper for package hooks (HO)
Package: xcolor-patch 2011/01/30 xcolor patch
Package: atveryend 2011/06/30 v1.8 Hooks at the very end of document (HO)
Package: atbegshi 2011/10/05 v1.16 At begin shipout hook (HO)
Package: refcount 2011/10/16 v3.4 Data extraction from label references (HO)
Package: hycolor 2011/01/30 v1.7 Color options for hyperref/bookmark (HO)
)
(/usr/local/texlive/2014/texmf-dist/tex/generic/ifxetex/ifxetex.sty
Package: ifxetex 2010/09/12 v0.6 Provides ifxetex conditional
)
(/usr/local/texlive/2014/texmf-dist/tex/latex/oberdiek/auxhook.sty
Package: auxhook 2011/03/04 v1.3 Hooks for auxiliary files (HO)
)
(/usr/local/texlive/2014/texmf-dist/tex/latex/oberdiek/kvoptions.sty
Package: kvoptions 2011/06/30 v3.11 Key value format for package options (HO)
)
\@linkdim=\dimen113
\Hy@linkcounter=\count106
\Hy@pagecounter=\count107

(/usr/local/texlive/2014/texmf-dist/tex/latex/hyperref/pd1enc.def
File: pd1enc.def 2012/11/06 v6.83m Hyperref: PDFDocEncoding definition (HO)
)
\Hy@SavedSpaceFactor=\count108

(/usr/local/texlive/2014/texmf-dist/tex/latex/latexconfig/hyperref.cfg
File: hyperref.cfg 2002/06/06 v1.2 hyperref configuration of TeXLive
)
Package hyperref Info: Option `colorlinks' set `true' on input line 4319.
Package hyperref Info: Hyper figures OFF on input line 4443.
Package hyperref Info: Link nesting OFF on input line 4448.
Package hyperref Info: Hyper index ON on input line 4451.
Package hyperref Info: Plain pages OFF on input line 4458.
Package hyperref Info: Backreferencing OFF on input line 4463.
Package hyperref Info: Implicit mode ON; LaTeX internals redefined.
Package hyperref Info: Bookmarks ON on input line 4688.
\c@Hy@tempcnt=\count109
LaTeX Info: Redefining \url on input line 5041.
\XeTeXLinkMargin=\dimen114
\Fld@menulength=\count110
\Field@Width=\dimen115
\Fld@charsize=\dimen116
Package hyperref Info: Hyper figures OFF on input line 6295.
Package hyperref Info: Link nesting OFF on input line 6300.
Package hyperref Info: Hyper index ON on input line 6303.
Package hyperref Info: backreferencing OFF on input line 6310.
Package hyperref Info: Link coloring ON on input line 6313.
Package hyperref Info: Link coloring with OCG OFF on input line 6320.
Package hyperref Info: PDF/A mode OFF on input line 6325.
LaTeX Info: Redefining \ref on input line 6365.
LaTeX Info: Redefining \pageref on input line 6369.
\Hy@abspage=\count111
\c@Item=\count112
\c@Hfootnote=\count113
)

Package hyperref Message: Driver (autodetected): hpdftex.

(/usr/local/texlive/2014/texmf-dist/tex/latex/hyperref/hpdftex.def
File: hpdftex.def 2012/11/06 v6.83m Hyperref driver for pdfTeX
\Fld@listcount=\count114
\c@bookmark@seq@number=\count115

(/usr/local/texlive/2014/texmf-dist/tex/latex/oberdiek/rerunfilecheck.sty
Package: rerunfilecheck 2011/04/15 v1.7 Rerun checks for auxiliary files (HO)
Package uniquecounter Info: New unique counter `rerunfilecheck' on input line 2
82.
)
\Hy@SectionHShift=\skip48
)
(/usr/local/texlive/2014/texmf-dist/tex/latex/xcolor/xcolor.sty
Package: xcolor 2007/01/21 v2.11 LaTeX color extensions (UK)

(/usr/local/texlive/2014/texmf-dist/tex/latex/latexconfig/color.cfg
File: color.cfg 2007/01/18 v1.5 color configuration of teTeX/TeXLive
)
Package xcolor Info: Driver file: pdftex.def on input line 225.
Package xcolor Info: Model `cmy' substituted by `cmy0' on input line 1337.
Package xcolor Info: Model `hsb' substituted by `rgb' on input line 1341.
Package xcolor Info: Model `RGB' extended on input line 1353.
Package xcolor Info: Model `HTML' substituted by `rgb' on input line 1355.
Package xcolor Info: Model `Hsb' substituted by `hsb' on input line 1356.
Package xcolor Info: Model `tHsb' substituted by `hsb' on input line 1357.
Package xcolor Info: Model `HSB' substituted by `hsb' on input line 1358.
Package xcolor Info: Model `Gray' substituted by `gray' on input line 1359.
Package xcolor Info: Model `wave' substituted by `hsb' on input line 1360.

(/usr/local/texlive/2014/texmf-dist/tex/latex/graphics/dvipsnam.def
File: dvipsnam.def 2014/04/23 v3.0j Driver-dependant file (DPC,SPQR)
))
\c@definition=\count116

(/Users/peterrohde/OneDrive/Documents/Publications/GitHub/Quantum internet/.tex
padtmp/quantum_internet.aux

LaTeX Warning: Label `eq:bell_basis' multiply defined.

)
\openout1 = `quantum_internet.aux'.

LaTeX Font Info:    Checking defaults for OML/cmm/m/it on input line 30.
LaTeX Font Info:    ... okay on input line 30.
LaTeX Font Info:    Checking defaults for T1/cmr/m/n on input line 30.
LaTeX Font Info:    ... okay on input line 30.
LaTeX Font Info:    Checking defaults for OT1/cmr/m/n on input line 30.
LaTeX Font Info:    ... okay on input line 30.
LaTeX Font Info:    Checking defaults for OMS/cmsy/m/n on input line 30.
LaTeX Font Info:    ... okay on input line 30.
LaTeX Font Info:    Checking defaults for OMX/cmex/m/n on input line 30.
LaTeX Font Info:    ... okay on input line 30.
LaTeX Font Info:    Checking defaults for U/cmr/m/n on input line 30.
LaTeX Font Info:    ... okay on input line 30.
LaTeX Font Info:    Checking defaults for PD1/pdf/m/n on input line 30.
LaTeX Font Info:    ... okay on input line 30.
Class revtex4 Info: Patching LaTeX tabular. on input line 30.
Class revtex4 Info: cite was not loaded (OK!) on input line 30.
Class revtex4 Info: multicol was not loaded (OK!) on input line 30.
 (/usr/local/texlive/2014/texmf-dist/tex/context/base/supp-pdf.mkii
[Loading MPS to PDF converter (version 2006.09.02).]
\scratchcounter=\count117
\scratchdimen=\dimen117
\scratchbox=\box36
\nofMPsegments=\count118
\nofMParguments=\count119
\everyMPshowfont=\toks23
\MPscratchCnt=\count120
\MPscratchDim=\dimen118
\MPnumerator=\count121
\makeMPintoPDFobject=\count122
\everyMPtoPDFconversion=\toks24
) (/usr/local/texlive/2014/texmf-dist/tex/latex/oberdiek/epstopdf-base.sty
Package: epstopdf-base 2010/02/09 v2.5 Base part for package epstopdf

(/usr/local/texlive/2014/texmf-dist/tex/latex/oberdiek/grfext.sty
Package: grfext 2010/08/19 v1.1 Manage graphics extensions (HO)
)
Package grfext Info: Graphics extension search list:
(grfext)             [.png,.pdf,.jpg,.mps,.jpeg,.jbig2,.jb2,.PNG,.PDF,.JPG,.JPE
G,.JBIG2,.JB2,.eps]
(grfext)             \AppendGraphicsExtensions on input line 452.

(/usr/local/texlive/2014/texmf-dist/tex/latex/latexconfig/epstopdf-sys.cfg
File: epstopdf-sys.cfg 2010/07/13 v1.3 Configuration of (r)epstopdf for TeX Liv
e
))
\AtBeginShipoutBox=\box37


Package hyperref Warning: Height of page (\paperheight) is invalid (0.0pt),
(hyperref)                using 11in.

Package hyperref Info: Link coloring ON on input line 30.
(/usr/local/texlive/2014/texmf-dist/tex/latex/hyperref/nameref.sty
Package: nameref 2012/10/27 v2.43 Cross-referencing by name of section

(/usr/local/texlive/2014/texmf-dist/tex/generic/oberdiek/gettitlestring.sty
Package: gettitlestring 2010/12/03 v1.4 Cleanup title references (HO)
)
\c@section@level=\count123
)
LaTeX Info: Redefining \ref on input line 30.
LaTeX Info: Redefining \pageref on input line 30.
LaTeX Info: Redefining \nameref on input line 30.

(/Users/peterrohde/OneDrive/Documents/Publications/GitHub/Quantum internet/.tex
padtmp/quantum_internet.out)
(/Users/peterrohde/OneDrive/Documents/Publications/GitHub/Quantum internet/.tex
padtmp/quantum_internet.out)
\@outlinefile=\write3
\openout3 = `quantum_internet.out'.

LaTeX Font Info:    Try loading font information for U+msa on input line 75.

(/usr/local/texlive/2014/texmf-dist/tex/latex/amsfonts/umsa.fd
File: umsa.fd 2013/01/14 v3.01 AMS symbols A
)
LaTeX Font Info:    Try loading font information for U+msb on input line 75.

(/usr/local/texlive/2014/texmf-dist/tex/latex/amsfonts/umsb.fd
File: umsb.fd 2013/01/14 v3.01 AMS symbols B
)
LaTeX Font Info:    Try loading font information for U+rsfs on input line 75.

(/usr/local/texlive/2014/texmf-dist/tex/latex/jknapltx/ursfs.fd
File: ursfs.fd 1998/03/24 rsfs font definition file (jk)
)
Underfull \hbox (badness 10000) in paragraph at lines 75--75
[]$[]$[]\OT1/cmr/m/n/8 To whom cor-re-spon-dence should be ad-dressed:
 []


(/Users/peterrohde/OneDrive/Documents/Publications/GitHub/Quantum internet/.tex
padtmp/quantum_internet.toc
Overfull \hbox (3.50012pt too wide) detected at line 22
 \OT1/cmr/m/n/8 10
 []


Overfull \hbox (3.50012pt too wide) detected at line 23
 \OT1/cmr/m/n/8 10
 []


Overfull \hbox (3.50012pt too wide) detected at line 24
 \OT1/cmr/m/n/8 10
 []


Overfull \hbox (3.50012pt too wide) detected at line 25
 \OT1/cmr/m/n/8 11
 []


Overfull \hbox (3.50012pt too wide) detected at line 26
 \OT1/cmr/m/n/8 11
 []


Overfull \hbox (3.50012pt too wide) detected at line 27
 \OT1/cmr/m/n/8 11
 []


Overfull \hbox (3.50012pt too wide) detected at line 28
 \OT1/cmr/m/n/8 12
 []


Overfull \hbox (3.50012pt too wide) detected at line 29
 \OT1/cmr/m/n/8 12
 []


Overfull \hbox (3.50012pt too wide) detected at line 30
 \OT1/cmr/m/n/8 12
 []


Overfull \hbox (3.50012pt too wide) detected at line 31
 \OT1/cmr/m/n/8 12
 []


Overfull \hbox (3.50012pt too wide) detected at line 32
 \OT1/cmr/m/n/8 12
 []


Overfull \hbox (3.50012pt too wide) detected at line 33
 \OT1/cmr/m/n/8 13
 []


Overfull \hbox (3.50012pt too wide) detected at line 34
 \OT1/cmr/m/n/8 14
 []


Overfull \hbox (3.50012pt too wide) detected at line 35
 \OT1/cmr/m/n/8 14
 []


Overfull \hbox (3.50012pt too wide) detected at line 36
 \OT1/cmr/m/n/8 14
 []


Overfull \hbox (3.50012pt too wide) detected at line 37
 \OT1/cmr/m/n/8 15
 []


Overfull \hbox (3.50012pt too wide) detected at line 38
 \OT1/cmr/m/n/8 15
 []


Overfull \hbox (3.50012pt too wide) detected at line 39
 \OT1/cmr/m/n/8 15
 []


Overfull \hbox (3.50012pt too wide) detected at line 40
 \OT1/cmr/m/n/8 15
 []


Overfull \hbox (3.50012pt too wide) detected at line 41
 \OT1/cmr/m/n/8 16
 []


Overfull \hbox (3.50012pt too wide) detected at line 42
 \OT1/cmr/m/n/8 16
 []


Overfull \hbox (3.50012pt too wide) detected at line 43
 \OT1/cmr/m/n/8 16
 []


Overfull \hbox (3.50012pt too wide) detected at line 44
 \OT1/cmr/m/n/8 17
 []


Overfull \hbox (3.50012pt too wide) detected at line 45
 \OT1/cmr/m/n/8 17
 []


Overfull \hbox (3.50012pt too wide) detected at line 46
 \OT1/cmr/m/n/8 18
 []


Overfull \hbox (3.50012pt too wide) detected at line 47
 \OT1/cmr/m/n/8 18
 []


Overfull \hbox (3.50012pt too wide) detected at line 48
 \OT1/cmr/m/n/8 18
 []


Overfull \hbox (3.50012pt too wide) detected at line 49
 \OT1/cmr/m/n/8 19
 []


Overfull \hbox (3.50012pt too wide) detected at line 50
 \OT1/cmr/m/n/8 19
 []


Overfull \hbox (3.50012pt too wide) detected at line 51
 \OT1/cmr/m/n/8 19
 []


Overfull \hbox (3.50012pt too wide) detected at line 52
 \OT1/cmr/m/n/8 20
 []


Overfull \hbox (3.50012pt too wide) detected at line 53
 \OT1/cmr/m/n/8 20
 []


Overfull \hbox (3.50012pt too wide) detected at line 54
 \OT1/cmr/m/n/8 20
 []


Overfull \hbox (3.50012pt too wide) detected at line 55
 \OT1/cmr/m/n/8 20
 []


Overfull \hbox (3.50012pt too wide) detected at line 56
 \OT1/cmr/m/n/8 21
 []


Overfull \hbox (3.50012pt too wide) detected at line 57
 \OT1/cmr/m/n/8 21
 []


Overfull \hbox (3.50012pt too wide) detected at line 58
 \OT1/cmr/m/n/8 21
 []


Overfull \hbox (3.50012pt too wide) detected at line 59
 \OT1/cmr/m/n/8 21
 []


Overfull \hbox (3.50012pt too wide) detected at line 60
 \OT1/cmr/m/n/8 22
 []


Overfull \hbox (3.50012pt too wide) detected at line 61
 \OT1/cmr/m/n/8 22
 []

[1{/usr/local/texlive/2014/texmf-var/fonts/map/pdftex/updmap/pdftex.map}]
Overfull \hbox (3.50012pt too wide) detected at line 62
 \OT1/cmr/m/n/8 23
 []


Overfull \hbox (3.50012pt too wide) detected at line 63
 \OT1/cmr/m/n/8 23
 []


Overfull \hbox (3.50012pt too wide) detected at line 64
 \OT1/cmr/m/n/8 24
 []


Overfull \hbox (3.50012pt too wide) detected at line 65
 \OT1/cmr/m/n/8 25
 []


Overfull \hbox (3.50012pt too wide) detected at line 66
 \OT1/cmr/m/n/8 25
 []


Overfull \hbox (3.50012pt too wide) detected at line 67
 \OT1/cmr/m/n/8 25
 []


Overfull \hbox (3.50012pt too wide) detected at line 68
 \OT1/cmr/m/n/8 25
 []


Overfull \hbox (3.50012pt too wide) detected at line 69
 \OT1/cmr/m/n/8 26
 []


Overfull \hbox (3.50012pt too wide) detected at line 70
 \OT1/cmr/m/n/8 27
 []


Overfull \hbox (3.50012pt too wide) detected at line 71
 \OT1/cmr/m/n/8 27
 []


Overfull \hbox (3.50012pt too wide) detected at line 72
 \OT1/cmr/m/n/8 27
 []


Overfull \hbox (3.50012pt too wide) detected at line 73
 \OT1/cmr/m/n/8 28
 []


Overfull \hbox (3.50012pt too wide) detected at line 74
 \OT1/cmr/m/n/8 28
 []


Overfull \hbox (3.50012pt too wide) detected at line 75
 \OT1/cmr/m/n/8 28
 []


Overfull \hbox (3.50012pt too wide) detected at line 76
 \OT1/cmr/m/n/8 29
 []


Overfull \hbox (3.50012pt too wide) detected at line 77
 \OT1/cmr/m/n/8 29
 []


Overfull \hbox (3.50012pt too wide) detected at line 78
 \OT1/cmr/m/n/8 29
 []


Overfull \hbox (3.50012pt too wide) detected at line 79
 \OT1/cmr/m/n/8 31
 []


Overfull \hbox (3.50012pt too wide) detected at line 80
 \OT1/cmr/m/n/8 31
 []


Overfull \hbox (3.50012pt too wide) detected at line 81
 \OT1/cmr/m/n/8 31
 []


Overfull \hbox (3.50012pt too wide) detected at line 82
 \OT1/cmr/m/n/8 31
 []


Overfull \hbox (3.50012pt too wide) detected at line 83
 \OT1/cmr/m/n/8 32
 []


Overfull \hbox (3.50012pt too wide) detected at line 84
 \OT1/cmr/m/n/8 32
 []


Overfull \hbox (3.50012pt too wide) detected at line 85
 \OT1/cmr/m/n/8 33
 []


Overfull \hbox (3.50012pt too wide) detected at line 86
 \OT1/cmr/m/n/8 33
 []


Overfull \hbox (3.50012pt too wide) detected at line 87
 \OT1/cmr/m/n/8 34
 []


Overfull \hbox (3.50012pt too wide) detected at line 88
 \OT1/cmr/m/n/8 34
 []


Overfull \hbox (3.50012pt too wide) detected at line 89
 \OT1/cmr/m/n/8 34
 []


Overfull \hbox (3.50012pt too wide) detected at line 90
 \OT1/cmr/m/n/8 34
 []


Overfull \hbox (3.50012pt too wide) detected at line 91
 \OT1/cmr/m/n/8 34
 []


Overfull \hbox (3.50012pt too wide) detected at line 92
 \OT1/cmr/m/n/8 35
 []


Overfull \hbox (3.50012pt too wide) detected at line 93
 \OT1/cmr/m/n/8 35
 []


Overfull \hbox (3.50012pt too wide) detected at line 94
 \OT1/cmr/m/n/8 35
 []


Overfull \hbox (3.50012pt too wide) detected at line 95
 \OT1/cmr/m/n/8 35
 []


Overfull \hbox (3.50012pt too wide) detected at line 96
 \OT1/cmr/m/n/8 36
 []


Overfull \hbox (3.50012pt too wide) detected at line 97
 \OT1/cmr/m/n/8 36
 []


Overfull \hbox (3.50012pt too wide) detected at line 98
 \OT1/cmr/m/n/8 36
 []


Overfull \hbox (3.50012pt too wide) detected at line 99
 \OT1/cmr/m/n/8 36
 []


Overfull \hbox (3.50012pt too wide) detected at line 100
 \OT1/cmr/m/n/8 36
 []


Overfull \hbox (3.50012pt too wide) detected at line 101
 \OT1/cmr/m/n/8 36
 []


Overfull \hbox (3.50012pt too wide) detected at line 102
 \OT1/cmr/m/n/8 37
 []


Overfull \hbox (3.50012pt too wide) detected at line 103
 \OT1/cmr/m/n/8 37
 []


Overfull \hbox (3.50012pt too wide) detected at line 104
 \OT1/cmr/m/n/8 37
 []


Overfull \hbox (3.50012pt too wide) detected at line 105
 \OT1/cmr/m/n/8 37
 []


Overfull \hbox (3.50012pt too wide) detected at line 106
 \OT1/cmr/m/n/8 38
 []


Overfull \hbox (3.50012pt too wide) detected at line 107
 \OT1/cmr/m/n/8 38
 []


Overfull \hbox (3.50012pt too wide) detected at line 108
 \OT1/cmr/m/n/8 39
 []


Overfull \hbox (3.50012pt too wide) detected at line 109
 \OT1/cmr/m/n/8 40
 []


Overfull \hbox (3.50012pt too wide) detected at line 110
 \OT1/cmr/m/n/8 41
 []


Overfull \hbox (3.50012pt too wide) detected at line 111
 \OT1/cmr/m/n/8 42
 []


Overfull \hbox (3.50012pt too wide) detected at line 112
 \OT1/cmr/m/n/8 42
 []


Overfull \hbox (3.50012pt too wide) detected at line 113
 \OT1/cmr/m/n/8 43
 []


Overfull \hbox (3.50012pt too wide) detected at line 114
 \OT1/cmr/m/n/8 43
 []


Overfull \hbox (3.50012pt too wide) detected at line 115
 \OT1/cmr/m/n/8 43
 []


Overfull \hbox (3.50012pt too wide) detected at line 116
 \OT1/cmr/m/n/8 43
 []


Overfull \hbox (3.50012pt too wide) detected at line 117
 \OT1/cmr/m/n/8 43
 []


Overfull \hbox (3.50012pt too wide) detected at line 118
 \OT1/cmr/m/n/8 44
 []


Overfull \hbox (3.50012pt too wide) detected at line 119
 \OT1/cmr/m/n/8 45
 []


Overfull \hbox (3.50012pt too wide) detected at line 120
 \OT1/cmr/m/n/8 45
 []


Overfull \hbox (3.50012pt too wide) detected at line 121
 \OT1/cmr/m/n/8 47
 []


Overfull \hbox (3.50012pt too wide) detected at line 122
 \OT1/cmr/m/n/8 47
 []


Overfull \hbox (3.50012pt too wide) detected at line 123
 \OT1/cmr/m/n/8 48
 []


Overfull \hbox (3.50012pt too wide) detected at line 124
 \OT1/cmr/m/n/8 48
 []


Overfull \hbox (3.50012pt too wide) detected at line 125
 \OT1/cmr/m/n/8 49
 []


Overfull \hbox (3.50012pt too wide) detected at line 126
 \OT1/cmr/m/n/8 49
 []


Overfull \hbox (3.50012pt too wide) detected at line 127
 \OT1/cmr/m/n/8 49
 []


Overfull \hbox (3.50012pt too wide) detected at line 128
 \OT1/cmr/m/n/8 49
 []


Overfull \hbox (3.50012pt too wide) detected at line 129
 \OT1/cmr/m/n/8 49
 []


Overfull \hbox (3.50012pt too wide) detected at line 130
 \OT1/cmr/m/n/8 51
 []


Overfull \hbox (3.50012pt too wide) detected at line 131
 \OT1/cmr/m/n/8 52
 []


Overfull \hbox (3.50012pt too wide) detected at line 132
 \OT1/cmr/m/n/8 52
 []


Overfull \hbox (3.50012pt too wide) detected at line 133
 \OT1/cmr/m/n/8 53
 []


Overfull \hbox (3.50012pt too wide) detected at line 134
 \OT1/cmr/m/n/8 54
 []


Overfull \hbox (3.50012pt too wide) detected at line 135
 \OT1/cmr/m/n/8 54
 []

)
\tf@toc=\write4
\openout4 = `quantum_internet.toc'.



Package natbib Warning: Citation `??? channel_capacity' on page 2 undefined on 
input line 101.

[2]

Package natbib Warning: Citation `textbookOnNetworking' on page 3 undefined on 
input line 103.


Package natbib Warning: Citation `???' on page 3 undefined on input line 144.

[3]

Package natbib Warning: Citation `???' on page 4 undefined on input line 148.


Underfull \hbox (badness 10000) in paragraph at lines 160--161
[]\OT1/cmr/m/it/10 Cost met-rics
 []

LaTeX Font Info:    Try loading font information for OMS+cmr on input line 162.

(/usr/local/texlive/2014/texmf-dist/tex/latex/base/omscmr.fd
File: omscmr.fd 1999/05/25 v2.5h Standard LaTeX font definitions
)
LaTeX Font Info:    Font shape `OMS/cmr/m/it' in size <10> not available
(Font)              Font shape `OMS/cmsy/m/n' tried instead on input line 162.

<example_routes.pdf, id=715, 398.14647pt x 390.54106pt>
File: example_routes.pdf Graphic file (type pdf)

<use example_routes.pdf>
Package pdftex.def Info: example_routes.pdf used on input line 180.
(pdftex.def)             Requested size: 159.8985pt x 156.84532pt.
 <example_opt.pdf, id=716, 392.33073pt x 388.75139pt>
File: example_opt.pdf Graphic file (type pdf)

<use example_opt.pdf>
Package pdftex.def Info: example_opt.pdf used on input line 185.
(pdftex.def)             Requested size: 147.6015pt x 146.25002pt.
 [4 <./example_routes.pdf>]

LaTeX Warning: A float is stuck (cannot be placed); try class option [floatfix]
 on input line 194.


Package natbib Warning: Citation `???' on page 5 undefined on input line 209.


Package natbib Warning: Citation `???' on page 5 undefined on input line 209.


Package natbib Warning: Citation `???' on page 5 undefined on input line 213.


Package natbib Warning: Citation `???' on page 5 undefined on input line 217.

[5 <./example_opt.pdf>] [6]

Package natbib Warning: Citation `???' on page 7 undefined on input line 287.


Underfull \hbox (badness 1024) in paragraph at lines 325--326
[]\OT1/cmr/m/n/10 Like clas-si-cal chan-nels, quan-tum chan-nels are in-
 []

[7]
Underfull \hbox (badness 10000) in paragraph at lines 369--371
\OT1/cmr/m/n/10 In gen-eral, pro-cesses do not com-mute, i.e
 []

[8] <example_graph.pdf, id=863, 401.27718pt x 393.2251pt>
File: example_graph.pdf Graphic file (type pdf)

<use example_graph.pdf>
Package pdftex.def Info: example_graph.pdf used on input line 395.
(pdftex.def)             Requested size: 147.6015pt x 144.63898pt.
 <remove_nodes.pdf, id=867, 461.22343pt x 286.30664pt>
File: remove_nodes.pdf Graphic file (type pdf)

<use remove_nodes.pdf>
Package pdftex.def Info: remove_nodes.pdf used on input line 402.
(pdftex.def)             Requested size: 172.19925pt x 106.8929pt.


Package natbib Warning: Citation `???' on page 9 undefined on input line 414.


Package natbib Warning: Citation `???' on page 9 undefined on input line 414.


Underfull \hbox (badness 1389) in paragraph at lines 414--415
\OT1/cmr/m/it/10 Quan-tum Pro-cess To-mog-ra-phy \OT1/cmr/m/n/10 (QPT) ([][]Chu
ang and
 []


Package natbib Warning: Citation `??? compressed_sensing' on page 9 undefined o
n input line 416.

[9 <./example_graph.pdf> <./remove_nodes.pdf>]
Underfull \hbox (badness 1314) in paragraph at lines 455--456
[]\OT1/cmr/m/n/10 Of course, the photon-number de-gree of free-dom
 []


Package natbib Warning: Citation `???' on page 10 undefined on input line 473.

[10]

Package natbib Warning: Citation `rohdeBSloop' on page 11 undefined on input li
ne 503.


Package natbib Warning: Citation `rohdeUnivLoop' on page 11 undefined on input 
line 503.


Package natbib Warning: Citation `???' on page 11 undefined on input line 503.


Package natbib Warning: Citation `rohdeBSloop' on page 11 undefined on input li
ne 507.


Package natbib Warning: Citation `rohdeUnivLoop' on page 11 undefined on input 
line 507.


Package natbib Warning: Citation `Reck' on page 11 undefined on input line 507.



Package natbib Warning: Citation `???' on page 11 undefined on input line 546.

[11]
Underfull \hbox (badness 10000) in paragraph at lines 606--607
[]\OT1/cmr/m/n/10 When im-ple-ment-ing pro-to-cols em-ploy-ing post-
 []

[12]

Package natbib Warning: Citation `???' on page 13 undefined on input line 625.

[13] [14]

Package natbib Warning: Citation `???' on page 15 undefined on input line 786.

[15]
Underfull \hbox (badness 1337) in paragraph at lines 893--894
[]\OT1/cmr/m/n/10 When dis-tribut-ing en-tan-gle-ment be-tween sep-a-rate
 []


Package natbib Warning: Citation `???' on page 16 undefined on input line 912.

[16]

Package natbib Warning: Citation `???' on page 17 undefined on input line 921.


Package natbib Warning: Citation `???' on page 17 undefined on input line 949.

[17] [18]
LaTeX Font Info:    Font shape `OMS/cmr/m/n' in size <10> not available
(Font)              Font shape `OMS/cmsy/m/n' tried instead on input line 1065.


Underfull \hbox (badness 2343) in paragraph at lines 1066--1067
 []\OT1/cmr/m/sc/10 Packet\OT1/cmr/m/n/10 : De-com-po-si-tion of \OT1/cmr/m/sc/
10 Data \OT1/cmr/m/n/10 into blocks
 []

<stack.pdf, id=1113, 321.66776pt x 282.24747pt>
File: stack.pdf Graphic file (type pdf)
 <use stack.pdf>
Package pdftex.def Info: stack.pdf used on input line 1075.
(pdftex.def)             Requested size: 246.0pt x 215.8583pt.
 [19 <./stack.pdf>] [20]
Underfull \hbox (badness 1052) in paragraph at lines 1149--1150
 []\OT1/cmr/m/sc/10 Checksum\OT1/cmr/m/n/10 : A reg-u-lar check-sum of the en-t
ire
 []


Underfull \hbox (badness 3199) in paragraph at lines 1178--1179
[]\OT1/cmr/m/n/10 The pseudo-code al-go-rithm im-ple-mented by the
 []


Underfull \hbox (badness 10000) in paragraph at lines 1205--1205
 []\OT1/cmtt/m/n/9 checksum = Hash(Packet.Header +
 []

LaTeX Font Info:    Try loading font information for OMS+cmtt on input line 120
5.
LaTeX Font Info:    No file OMScmtt.fd. on input line 1205.

LaTeX Font Warning: Font shape `OMS/cmtt/m/n' undefined
(Font)              using `OMS/cmsy/m/n' instead
(Font)              for symbol `textbraceleft' on input line 1205.

[21]

LaTeX Warning: A float is stuck (cannot be placed); try class option [floatfix]
 on input line 1238.


Package natbib Warning: Citation `???' on page 22 undefined on input line 1241.


[22] [23] <conflict.pdf, id=1221, 428.56612pt x 310.91156pt>
File: conflict.pdf Graphic file (type pdf)

<use conflict.pdf>
Package pdftex.def Info: conflict.pdf used on input line 1368.
(pdftex.def)             Requested size: 246.0pt x 178.46437pt.
 [24]

LaTeX Warning: A float is stuck (cannot be placed); try class option [floatfix]
 on input line 1383.


Underfull \hbox (badness 10000) in paragraph at lines 1397--1397
 []\OT1/cmtt/m/n/9 packet.RoutingQueue.Push(shortestRoute)
 []


Underfull \hbox (badness 1701) in paragraph at lines 1430--1431
[]\OT1/cmr/m/n/10 The \OT1/cmr/m/sc/10 Ran-dom \OT1/cmr/m/n/10 strat-egy over-c
omes one key prob-
 []

[25 <./conflict.pdf>]
Underfull \hbox (badness 10000) in paragraph at lines 1471--1472
 [][] \OT1/cmr/m/n/10 ($\OML/cmm/m/it/10 f[]$\OT1/cmr/m/n/10 , \OT1/cmtt/m/n/10
 costFunction() \OT1/cmr/m/n/10 in
 []

[26]
Underfull \hbox (badness 10000) in paragraph at lines 1541--1541
 []\OT1/cmtt/m/n/9 packet.RoutingQueue.Push(routes[packet])
 []

[27] <K_15.pdf, id=1342, 361.35pt x 359.3425pt>
File: K_15.pdf Graphic file (type pdf)
 <use K_15.pdf>
Package pdftex.def Info: K_15.pdf used on input line 1604.
(pdftex.def)             Requested size: 172.19925pt x 171.24324pt.
 [28]

LaTeX Warning: A float is stuck (cannot be placed); try class option [floatfix]
 on input line 1615.

<lattice.pdf, id=1350, 224.46037pt x 203.99411pt>
File: lattice.pdf Graphic file (type pdf)
 <use lattice.pdf>
Package pdftex.def Info: lattice.pdf used on input line 1617.
(pdftex.def)             Requested size: 172.19925pt x 156.50009pt.

<tree_3_8.pdf, id=1354, 361.35pt x 358.33875pt>
File: tree_3_8.pdf Graphic file (type pdf)
 <use tree_3_8.pdf>
Package pdftex.def Info: tree_3_8.pdf used on input line 1648.
(pdftex.def)             Requested size: 184.5pt x 182.96358pt.

<tree_4_8.pdf, id=1355, 361.35pt x 360.34625pt>
File: tree_4_8.pdf Graphic file (type pdf)
 <use tree_4_8.pdf>
Package pdftex.def Info: tree_4_8.pdf used on input line 1649.
(pdftex.def)             Requested size: 184.5pt x 183.98859pt.

<tree_5_8.pdf, id=1356, 361.35pt x 348.30125pt>
File: tree_5_8.pdf Graphic file (type pdf)
 <use tree_5_8.pdf>
Package pdftex.def Info: tree_5_8.pdf used on input line 1650.
(pdftex.def)             Requested size: 184.5pt x 177.83855pt.
 [29 <./K_15.pdf> <./lattice.pdf>]

LaTeX Warning: A float is stuck (cannot be placed); try class option [floatfix]
 on input line 1663.

<random_tree_1.pdf, id=1381, 374.47313pt x 422.89635pt>
File: random_tree_1.pdf Graphic file (type pdf)

<use random_tree_1.pdf>
Package pdftex.def Info: random_tree_1.pdf used on input line 1667.
(pdftex.def)             Requested size: 246.0pt x 277.80896pt.
 <random_tree_2.pdf, id=1382, 414.9874pt x 346.02214pt>
File: random_tree_2.pdf Graphic file (type pdf)

<use random_tree_2.pdf>
Package pdftex.def Info: random_tree_2.pdf used on input line 1668.
(pdftex.def)             Requested size: 246.0pt x 205.1175pt.
 [30 <./tree_3_8.pdf> <./tree_4_8.pdf

pdfTeX warning: /usr/local/texlive/2014/bin/x86_64-darwin/pdflatex (file ./tree
_4_8.pdf): PDF inclusion: multiple pdfs with page group included in a single pa
ge
> <./tree_5_8.pdf

pdfTeX warning: /usr/local/texlive/2014/bin/x86_64-darwin/pdflatex (file ./tree
_5_8.pdf): PDF inclusion: multiple pdfs with page group included in a single pa
ge
> <./random_tree_1.pdf

pdfTeX warning: /usr/local/texlive/2014/bin/x86_64-darwin/pdflatex (file ./rand
om_tree_1.pdf): PDF inclusion: multiple pdfs with page group included in a sing
le page
> <./random_tree_2.pdf

pdfTeX warning: /usr/local/texlive/2014/bin/x86_64-darwin/pdflatex (file ./rand
om_tree_2.pdf): PDF inclusion: multiple pdfs with page group included in a sing
le page
>] <mst.pdf, id=1398, 260.975pt x 258.9675pt>
File: mst.pdf Graphic file (type pdf)
 <use mst.pdf>
Package pdftex.def Info: mst.pdf used on input line 1681.
(pdftex.def)             Requested size: 196.80075pt x 195.28809pt.

<webgraph.pdf, id=1400, 591.49283pt x 472.17052pt>
File: webgraph.pdf Graphic file (type pdf)
 <use webgraph.pdf>
Package pdftex.def Info: webgraph.pdf used on input line 1696.
(pdftex.def)             Requested size: 246.0pt x 196.3722pt.


Package natbib Warning: Citation `???' on page 31 undefined on input line 1706.



Package natbib Warning: Citation `???' on page 31 undefined on input line 1706.


<random_0.pdf, id=1402, 260.975pt x 258.9675pt>
File: random_0.pdf Graphic file (type pdf)
 <use random_0.pdf>
Package pdftex.def Info: random_0.pdf used on input line 1709.
(pdftex.def)             Requested size: 147.6015pt x 146.46704pt.

<random_05.pdf, id=1403, 260.975pt x 258.9675pt>
File: random_05.pdf Graphic file (type pdf)
 <use random_05.pdf>
Package pdftex.def Info: random_05.pdf used on input line 1710.
(pdftex.def)             Requested size: 147.6015pt x 146.46704pt.

<random_1.pdf, id=1404, 260.975pt x 258.9675pt>
File: random_1.pdf Graphic file (type pdf)
 <use random_1.pdf>
Package pdftex.def Info: random_1.pdf used on input line 1711.
(pdftex.def)             Requested size: 147.6015pt x 146.46704pt.
 [31 <./mst.pdf> <./webgraph.pdf, page is rotated 90 degrees>]

LaTeX Warning: A float is stuck (cannot be placed); try class option [floatfix]
 on input line 1728.


Package natbib Warning: Citation `???' on page 32 undefined on input line 1745.


<BFS_DFS.pdf, id=1449, 282.72928pt x 364.14685pt>
File: BFS_DFS.pdf Graphic file (type pdf)
 <use BFS_DFS.pdf>
Package pdftex.def Info: BFS_DFS.pdf used on input line 1754.
(pdftex.def)             Requested size: 147.6015pt x 190.10757pt.

Underfull \hbox (badness 1960) in paragraph at lines 1760--1761
[]\OT1/cmr/m/n/10 The BFS al-go-rithm is par-tic-u-larly ap-pli-ca-ble to
 []

[32 <./random_0.pdf> <./random_05.pdf

pdfTeX warning: /usr/local/texlive/2014/bin/x86_64-darwin/pdflatex (file ./rand
om_05.pdf): PDF inclusion: multiple pdfs with page group included in a single p
age
> <./random_1.pdf

pdfTeX warning: /usr/local/texlive/2014/bin/x86_64-darwin/pdflatex (file ./rand
om_1.pdf): PDF inclusion: multiple pdfs with page group included in a single pa
ge
> <./BFS_DFS.pdf>]

Package natbib Warning: Citation `???' on page 33 undefined on input line 1816.


[33]

Package natbib Warning: Citation `???' on page 34 undefined on input line 1826.



Package natbib Warning: Citation `???' on page 34 undefined on input line 1828.



Package natbib Warning: Citation `???' on page 34 undefined on input line 1836.



Package natbib Warning: Citation `???' on page 34 undefined on input line 1840.



Underfull \hbox (badness 2529) in paragraph at lines 1840--1841
[]\OT1/cmr/m/n/10 Note that, us-ing Grover's search al-go-rithm (\OT1/cmr/bx/n/
10 ?\OT1/cmr/m/n/10 ),
 []


Underfull \hbox (badness 2351) in paragraph at lines 1840--1841
\OT1/cmr/m/n/10 al-though not ef-fi-cient, quan-tum com-put-ers of-fer a
 []


Underfull \hbox (badness 1097) in paragraph at lines 1866--1867
\OT1/cmr/m/n/10 ogy pro-to-cols (Sec. [][]XVIII.M[][]) rely on single-photon
 []

[34]

Package natbib Warning: Citation `???' on page 35 undefined on input line 1906.


[35]

Package natbib Warning: Citation `???' on page 36 undefined on input line 1926.



Underfull \hbox (badness 1648) in paragraph at lines 1939--1940
\OT1/cmr/m/n/10 Rosen (EPR) pairs), maximally-entangled two-qubit
 []


Package natbib Warning: Citation `Menicucci' on page 36 undefined on input line
 1955.


Package natbib Warning: Citation `Ralph' on page 36 undefined on input line 195
5.


Package natbib Warning: Citation `Lund' on page 36 undefined on input line 1955
.


Package natbib Warning: Citation `???' on page 36 undefined on input line 1955.



Package natbib Warning: Citation `???' on page 36 undefined on input line 1965.



Package natbib Warning: Citation `RohdePDReview' on page 36 undefined on input 
line 1975.


Underfull \hbox (badness 7397) in paragraph at lines 1979--1980
[]\OT1/cmr/m/n/10 Mathematically, the mea-sure-ment op-er-a-tors for
 []

[36]
Underfull \hbox (badness 1472) in paragraph at lines 1982--1984
\OT1/cmr/m/n/10 for mea-sure-ment out-come $\OML/cmm/m/it/10 n$\OT1/cmr/m/n/10 
. And for non-number-
 []


Package natbib Warning: Citation `???' on page 37 undefined on input line 1990.



Package natbib Warning: Citation `RohdePDReview' on page 37 undefined on input 
line 1992.


Package natbib Warning: Citation `HOM' on page 37 undefined on input line 2010.


[37] <memory.pdf, id=1597, 679.98041pt x 357.43639pt>
File: memory.pdf Graphic file (type pdf)
 <use memory.pdf>
Package pdftex.def Info: memory.pdf used on input line 2045.
(pdftex.def)             Requested size: 172.19925pt x 90.51512pt.


Package natbib Warning: Citation `???' on page 38 undefined on input line 2051.



Underfull \hbox (badness 1168) in paragraph at lines 2059--2060
[]\OT1/cmr/m/n/10 Unless the en-tire pipeline of quan-tum op-er-a-tions
 []

<opt_inter.pdf, id=1600, 249.13477pt x 122.44154pt>
File: opt_inter.pdf Graphic file (type pdf)
 <use opt_inter.pdf>
Package pdftex.def Info: opt_inter.pdf used on input line 2066.
(pdftex.def)             Requested size: 147.6015pt x 72.54253pt.


Package natbib Warning: Citation `???' on page 38 undefined on input line 2076.


[38 <./memory.pdf> <./opt_inter.pdf>]

Package natbib Warning: Citation `???' on page 39 undefined on input line 2081.



Underfull \hbox (badness 7595) in paragraph at lines 2083--2084
[]\OT1/cmr/m/n/10 Bell pairs are the ba-sis for build-ing clus-ter
 []


Underfull \hbox (badness 4072) in paragraph at lines 2083--2084
\OT1/cmr/m/n/10 states (Sec. [][]XIX.D[][]), some quan-tum cryp-tog-ra-phy
 []


Package natbib Warning: Citation `???' on page 39 undefined on input line 2085.



Package natbib Warning: Citation `???' on page 39 undefined on input line 2096.


<ent_purif_prot.pdf, id=1671, 350.72629pt x 138.23244pt>
File: ent_purif_prot.pdf Graphic file (type pdf)

<use ent_purif_prot.pdf>
Package pdftex.def Info: ent_purif_prot.pdf used on input line 2103.
(pdftex.def)             Requested size: 221.3985pt x 87.25986pt.
 <ent_purif.pdf, id=1673, 361.35pt x 235.88126pt>
File: ent_purif.pdf Graphic file (type pdf)

<use ent_purif.pdf>
Package pdftex.def Info: ent_purif.pdf used on input line 2114.
(pdftex.def)             Requested size: 246.0pt x 160.58429pt.

Underfull \hbox (badness 1308) in paragraph at lines 2115--2115
\OT1/cmr/m/n/9 FIG. 18 []Entanglement pu-rifi-ca-tion of two polarisation-
 []

[39 <./ent_purif_prot.pdf>]

LaTeX Warning: A float is stuck (cannot be placed); try class option [floatfix]
 on input line 2119.


Package natbib Warning: Citation `???' on page 40 undefined on input line 2130.


<teleportation.pdf, id=1772, 415.14519pt x 164.62704pt>
File: teleportation.pdf Graphic file (type pdf)

<use teleportation.pdf>
Package pdftex.def Info: teleportation.pdf used on input line 2165.
(pdftex.def)             Requested size: 221.3985pt x 87.7945pt.
 [40 <./ent_purif.pdf>]

LaTeX Warning: A float is stuck (cannot be placed); try class option [floatfix]
 on input line 2172.

<ent_swap.pdf, id=1799, 498.22838pt x 324.59167pt>
File: ent_swap.pdf Graphic file (type pdf)
 <use ent_swap.pdf>
Package pdftex.def Info: ent_swap.pdf used on input line 2201.
(pdftex.def)             Requested size: 246.0pt x 160.26476pt.
 [41 <./teleportation.pdf> <./ent_swap.pdf>]

Package natbib Warning: Citation `???' on page 42 undefined on input line 2227.



Underfull \hbox (badness 3612) in paragraph at lines 2231--2232
\OT1/cmr/m/n/10 or [] re-
 []

[42]

Package natbib Warning: Citation `???' on page 43 undefined on input line 2245.



Package natbib Warning: Citation `???' on page 43 undefined on input line 2245.



Package natbib Warning: Citation `JWP' on page 43 undefined on input line 2245.



Package natbib Warning: Citation `Wehner' on page 43 undefined on input line 22
53.


Package natbib Warning: Citation `???' on page 43 undefined on input line 2263.



Package natbib Warning: Citation `???' on page 43 undefined on input line 2273.



Package natbib Warning: Citation `DowlingNOON' on page 43 undefined on input li
ne 2275.


Package natbib Warning: Citation `MORDOR' on page 43 undefined on input line 22
75.


Package natbib Warning: Citation `MORDOR2' on page 43 undefined on input line 2
275.


Package natbib Warning: Citation `DomBerry' on page 43 undefined on input line 
2279.

[43] <distributed.pdf, id=1949, 580.2197pt x 518.03688pt>
File: distributed.pdf Graphic file (type pdf)

<use distributed.pdf>
Package pdftex.def Info: distributed.pdf used on input line 2318.
(pdftex.def)             Requested size: 246.0pt x 219.6371pt.


Package natbib Warning: Citation `bib:MapReduce' on page 44 undefined on input 
line 2322.


Underfull \hbox (badness 1142) in paragraph at lines 2335--2337
\OT1/cmr/m/n/10 Thus, $\OML/cmm/m/it/10 k$\OT1/cmr/m/n/10 -fold quan-tum par-al
-leli-sa-tion cor-re-sponds to
 []

[44 <./distributed.pdf>] <delegated.pdf, id=1996, 387.11195pt x 278.42812pt>
File: delegated.pdf Graphic file (type pdf)

<use delegated.pdf>
Package pdftex.def Info: delegated.pdf used on input line 2358.
(pdftex.def)             Requested size: 246.0pt x 176.93158pt.
 [45 <./delegated.pdf>]
Underfull \hbox (badness 1237) in paragraph at lines 2378--2379
[]\OT1/cmr/m/n/10 In the graph, ver-tices rep-re-sent qubits ini-tialised
 []


Underfull \hbox (badness 1565) in paragraph at lines 2378--2379
\OT1/cmr/m/n/10 into the [] state, and edges rep-
 []


Underfull \hbox (badness 10000) in paragraph at lines 2378--2379
\OT1/cmr/m/n/10 re-sent the ap-pli-ca-tion of max-i-mally en-tan-gling
 []


Underfull \hbox (badness 1675) in paragraph at lines 2378--2379
\OT1/cmr/m/n/10 controlled-phase (CZ) gates be-tween ver-tices, given
 []


Underfull \hbox (badness 1448) in paragraph at lines 2378--2379
\OT1/cmr/m/n/10 by []. An ex-am-ple is pre-sented
 []

<cluster_state.pdf, id=2044, 286.30765pt x 242.46686pt>
File: cluster_state.pdf Graphic file (type pdf)

<use cluster_state.pdf>
Package pdftex.def Info: cluster_state.pdf used on input line 2381.
(pdftex.def)             Requested size: 147.6015pt x 125.00316pt.


Package natbib Warning: Citation `???' on page 46 undefined on input line 2389.



Package natbib Warning: Citation `???' on page 46 undefined on input line 2397.



Underfull \hbox (badness 1019) in paragraph at lines 2397--2398
\OT1/cmr/m/n/10 ing pro-to-col, where the com-pu-ta-tion pro-ceeds in a
 []

[46 <./cluster_state.pdf>]
<cluster_identities.pdf, id=2123, 357.0111pt x 139.04398pt>
File: cluster_identities.pdf Graphic file (type pdf)

<use cluster_identities.pdf>
Package pdftex.def Info: cluster_identities.pdf used on input line 2406.
(pdftex.def)             Requested size: 246.0pt x 95.81102pt.


Package natbib Warning: Citation `???' on page 47 undefined on input line 2418.


<KLM.pdf, id=2133, 185.71281pt x 402.08621pt>
File: KLM.pdf Graphic file (type pdf)
 <use KLM.pdf>
Package pdftex.def Info: KLM.pdf used on input line 2421.
(pdftex.def)             Requested size: 123.0pt x 266.30414pt.


Package natbib Warning: Citation `RohdeOptQW' on page 47 undefined on input lin
e 2433.


Package natbib Warning: Citation `???' on page 47 undefined on input line 2433.


[47 <./cluster_identities.pdf> <./KLM.pdf>]

Package natbib Warning: Citation `RohdeQWintro' on page 48 undefined on input l
ine 2437.


Package natbib Warning: Multiple citation on page 48: same authors and year
(natbib)                without distinguishing extra letter,
(natbib)                appears as question mark.


Package natbib Warning: Citation `???' on page 48 undefined on input line 2439.



LaTeX Warning: Reference `sec:CV_enc' on page 48 undefined on input line 2451.


Package natbib Warning: Citation `lund' on page 48 undefined on input line 2452
.


Package natbib Warning: Citation `ralph' on page 48 undefined on input line 245
2.


Package natbib Warning: Citation `weedbrook' on page 48 undefined on input line
 2452.

<barrett_kok.pdf, id=2564, 379.2039pt x 427.42336pt>
File: barrett_kok.pdf Graphic file (type pdf)
 <use barrett_kok.pdf>
Package pdftex.def Info: barrett_kok.pdf used on input line 2467.
(pdftex.def)             Requested size: 184.5pt x 207.9653pt.


Package natbib Warning: Citation `???' on page 48 undefined on input line 2481.



Package natbib Warning: Citation `gentry2009fully' on page 48 undefined on inpu
t line 2481.


Package natbib Warning: Citation `van2010fully' on page 48 undefined on input l
ine 2481.


Package natbib Warning: Citation `???' on page 48 undefined on input line 2481.



Package natbib Warning: Citation `PhysRevLett.108.200502' on page 48 undefined 
on input line 2481.

[48 <./barrett_kok.pdf>]

Package natbib Warning: Citation `homoCS' on page 49 undefined on input line 24
87.


Underfull \hbox (badness 2245) in paragraph at lines 2491--2492
[]\OT1/cmr/m/n/10 It was re-cently shown that clus-ter state model
 []


Package natbib Warning: Citation `homoCS' on page 49 undefined on input line 25
09.

[49]

Package natbib Warning: Citation `???Nielsen' on page 50 undefined on input lin
e 2541.

<cluster_ident.pdf, id=2700, 285.18306pt x 552.66663pt>
File: cluster_ident.pdf Graphic file (type pdf)

<use cluster_ident.pdf>
Package pdftex.def Info: cluster_ident.pdf used on input line 2544.
(pdftex.def)             Requested size: 221.3985pt x 429.07117pt.


Package natbib Warning: Citation `???' on page 50 undefined on input line 2550.



Package natbib Warning: Citation `barrett' on page 50 undefined on input line 2
550.


Package natbib Warning: Citation `HOM' on page 50 undefined on input line 2550.


<module.pdf, id=2704, 300.42839pt x 607.2029pt>
File: module.pdf Graphic file (type pdf)
 <use module.pdf>
Package pdftex.def Info: module.pdf used on input line 2555.
(pdftex.def)             Requested size: 196.80075pt x 397.7625pt.


Package natbib Warning: Citation `nielsenoptcs' on page 50 undefined on input l
ine 2559.

[50 <./cluster_ident.pdf>]

LaTeX Warning: A float is stuck (cannot be placed); try class option [floatfix]
 on input line 2566.


Package natbib Warning: Citation `KielingGrossEisert???' on page 51 undefined o
n input line 2570.


Package natbib Warning: Citation `RohdeBarrett???' on page 51 undefined on inpu
t line 2570.


Package natbib Warning: Citation `Rudolph???' on page 51 undefined on input lin
e 2570.


Package natbib Warning: Citation `BarrettKok???' on page 51 undefined on input 
line 2570.

[51 <./module.pdf>]
Underfull \hbox (badness 3769) in paragraph at lines 2616--2617
[]\OT1/cmr/bx/n/10 What pro-to-cols have been demon-strated?
 []


Underfull \hbox (badness 2197) in paragraph at lines 2626--2627
\OT1/cmr/bx/n/10 pro-vide in-for-ma-tion on hy-brid ar-chi-tec-tures,
 []


Package natbib Warning: Citation `???' on page 52 undefined on input line 2659.



Package natbib Warning: Citation `???' on page 52 undefined on input line 2659.



Package natbib Warning: Citation `???' on page 52 undefined on input line 2659.


[52]
Underfull \hbox (badness 1043) in paragraph at lines 2667--2668
\OT1/cmr/m/n/10 Wave), such mass pro-duc-tion would not ex-pe-ri-ence
 []


Underfull \hbox (badness 1043) in paragraph at lines 2683--2684
\OT1/cmr/m/n/10 pack-ets or sub-op-ti-mal per-for-mance, but at the ex-
 []

[53]

Package natbib Warning: Citation `???' on page 54 undefined on input line 2691.



Package natbib Warning: Citation `IDQUANTIQUE' on page 54 undefined on input li
ne 2691.


Package natbib Warning: Citation `MAGICQ' on page 54 undefined on input line 26
91.


Underfull \hbox (badness 1478) in paragraph at lines 2691--2692
\OT1/cmr/m/n/10 com-mod-ity items (e.g by magiQ and idQuan-tique)
 []


Underfull \hbox (badness 1028) in paragraph at lines 2695--2696
[]\OT1/cmr/m/n/10 Large-scale quan-tum com-put-ing may still seem a
 []


(/Users/peterrohde/OneDrive/Documents/Publications/GitHub/Quantum internet/.tex
padtmp/quantum_internet.bbl
Underfull \hbox (badness 2103) in paragraph at lines 246--254
 []\OT1/cmr/m/n/9 S. Barz, E. Kashefi, A. Broad-bent, J. F. Fitzsi-mons,
 []

[54]
Missing character: There is no  in font cmr9!
Missing character: There is no  in font cmr9!
Missing character: There is no  in font cmr9!
Missing character: There is no  in font cmr9!

Underfull \hbox (badness 1715) in paragraph at lines 505--513
 []\OT1/cmr/m/n/9 M. A. Broome, A. Fedrizzi, B. P. Lanyon, I. Kas-sal,
 []

)

Package natbib Warning: There were undefined citations.

Package atveryend Info: Empty hook `BeforeClearDocument' on input line 2714.
Package atveryend Info: Empty hook `AfterLastShipout' on input line 2714.
[55]
(/Users/peterrohde/OneDrive/Documents/Publications/GitHub/Quantum internet/.tex
padtmp/quantum_internet.aux)
Package atveryend Info: Executing hook `AtVeryEndDocument' on input line 2714.
Package atveryend Info: Executing hook `AtEndAfterFileList' on input line 2714.

Package rerunfilecheck Info: File `quantum_internet.out' has not changed.
(rerunfilecheck)             Checksum: <no file>.


LaTeX Font Warning: Some font shapes were not available, defaults substituted.


LaTeX Warning: There were undefined references.


LaTeX Warning: There were multiply-defined labels.

 ) 
Here is how much of TeX's memory you used:
 9211 strings out of 493117
 131491 string characters out of 6135432
 281294 words of memory out of 5000000
 12049 multiletter control sequences out of 15000+600000
 17064 words of font info for 68 fonts, out of 8000000 for 9000
 1141 hyphenation exceptions out of 8191
 32i,15n,35p,1737b,548s stack positions out of 5000i,500n,10000p,200000b,80000s
</usr/local/texlive/2014/texmf-dist/fonts/type1/public/amsfonts/cm/cmbx10.pfb
></usr/local/texlive/2014/texmf-dist/fonts/type1/public/amsfonts/cm/cmbx8.pfb><
/usr/local/texlive/2014/texmf-dist/fonts/type1/public/amsfonts/cm/cmbx9.pfb></u
sr/local/texlive/2014/texmf-dist/fonts/type1/public/amsfonts/cm/cmcsc10.pfb></u
sr/local/texlive/2014/texmf-dist/fonts/type1/public/amsfonts/cm/cmex10.pfb></us
r/local/texlive/2014/texmf-dist/fonts/type1/public/amsfonts/cm/cmmi10.pfb></usr
/local/texlive/2014/texmf-dist/fonts/type1/public/amsfonts/cm/cmmi5.pfb></usr/l
ocal/texlive/2014/texmf-dist/fonts/type1/public/amsfonts/cm/cmmi6.pfb></usr/loc
al/texlive/2014/texmf-dist/fonts/type1/public/amsfonts/cm/cmmi7.pfb></usr/local
/texlive/2014/texmf-dist/fonts/type1/public/amsfonts/cm/cmmi9.pfb></usr/local/t
exlive/2014/texmf-dist/fonts/type1/public/amsfonts/cm/cmr10.pfb></usr/local/tex
live/2014/texmf-dist/fonts/type1/public/amsfonts/cm/cmr5.pfb></usr/local/texliv
e/2014/texmf-dist/fonts/type1/public/amsfonts/cm/cmr6.pfb></usr/local/texlive/2
014/texmf-dist/fonts/type1/public/amsfonts/cm/cmr7.pfb></usr/local/texlive/2014
/texmf-dist/fonts/type1/public/amsfonts/cm/cmr8.pfb></usr/local/texlive/2014/te
xmf-dist/fonts/type1/public/amsfonts/cm/cmr9.pfb></usr/local/texlive/2014/texmf
-dist/fonts/type1/public/amsfonts/cm/cmss10.pfb></usr/local/texlive/2014/texmf-
dist/fonts/type1/public/amsfonts/cm/cmss8.pfb></usr/local/texlive/2014/texmf-di
st/fonts/type1/public/amsfonts/cm/cmss9.pfb></usr/local/texlive/2014/texmf-dist
/fonts/type1/public/amsfonts/cm/cmssbx10.pfb></usr/local/texlive/2014/texmf-dis
t/fonts/type1/public/amsfonts/cm/cmssi8.pfb></usr/local/texlive/2014/texmf-dist
/fonts/type1/public/amsfonts/cm/cmssi9.pfb></usr/local/texlive/2014/texmf-dist/
fonts/type1/public/amsfonts/cm/cmsy10.pfb></usr/local/texlive/2014/texmf-dist/f
onts/type1/public/amsfonts/cm/cmsy5.pfb></usr/local/texlive/2014/texmf-dist/fon
ts/type1/public/amsfonts/cm/cmsy6.pfb></usr/local/texlive/2014/texmf-dist/fonts
/type1/public/amsfonts/cm/cmsy7.pfb></usr/local/texlive/2014/texmf-dist/fonts/t
ype1/public/amsfonts/cm/cmsy9.pfb></usr/local/texlive/2014/texmf-dist/fonts/typ
e1/public/amsfonts/cm/cmti10.pfb></usr/local/texlive/2014/texmf-dist/fonts/type
1/public/amsfonts/cm/cmti8.pfb></usr/local/texlive/2014/texmf-dist/fonts/type1/
public/amsfonts/cm/cmti9.pfb></usr/local/texlive/2014/texmf-dist/fonts/type1/pu
blic/amsfonts/cm/cmtt10.pfb></usr/local/texlive/2014/texmf-dist/fonts/type1/pub
lic/amsfonts/cm/cmtt8.pfb></usr/local/texlive/2014/texmf-dist/fonts/type1/publi
c/amsfonts/cm/cmtt9.pfb></usr/local/texlive/2014/texmf-dist/fonts/type1/public/
amsfonts/symbols/msam10.pfb></usr/local/texlive/2014/texmf-dist/fonts/type1/pub
lic/amsfonts/symbols/msbm10.pfb>
Output written on "/Users/peterrohde/OneDrive/Documents/Publications/GitHub/Qua
ntum internet/.texpadtmp/quantum_internet.pdf" (55 pages, 8946408 bytes).
PDF statistics:
 3803 PDF objects out of 4296 (max. 8388607)
 2696 compressed objects within 27 object streams
 480 named destinations out of 1000 (max. 500000)
 1230 words of extra memory for PDF output out of 10000 (max. 10000000)

