\BOOKMARK [1][-]{section*.1}{Contents}{}% 1
\BOOKMARK [1][-]{section*.2}{Foreword}{}% 2
\BOOKMARK [1][-]{section*.3}{Introduction}{}% 3
\BOOKMARK [1][-]{section*.4}{Classical networking protocols}{}% 4
\BOOKMARK [2][-]{section*.5}{Internet protocol \(IP\)}{section*.4}% 5
\BOOKMARK [2][-]{section*.6}{User datagram protocol \(UDP\)}{section*.4}% 6
\BOOKMARK [2][-]{section*.7}{Transmission control protocol \(TCP\)}{section*.4}% 7
\BOOKMARK [2][-]{section*.8}{Ethernet}{section*.4}% 8
\BOOKMARK [2][-]{section*.9}{Network hierarchies}{section*.4}% 9
\BOOKMARK [1][-]{section*.10}{Mathematical representation of networks}{}% 10
\BOOKMARK [2][-]{section*.11}{Graph-theoretic representation}{section*.10}% 11
\BOOKMARK [2][-]{section*.12}{Network costs \046 attributes}{section*.10}% 12
\BOOKMARK [2][-]{section*.13}{Flow networks}{section*.10}% 13
\BOOKMARK [2][-]{section*.14}{Routing strategies}{section*.10}% 14
\BOOKMARK [2][-]{section*.15}{Strategy optimisation}{section*.10}% 15
\BOOKMARK [3][-]{section*.16}{Ad hoc operation vs. central authorities}{section*.15}% 16
\BOOKMARK [3][-]{section*.17}{Local vs. global optimisation}{section*.15}% 17
\BOOKMARK [2][-]{section*.18}{Message- vs. packet-level routing}{section*.10}% 18
\BOOKMARK [1][-]{section*.19}{Quantum networks}{}% 19
\BOOKMARK [1][-]{section*.20}{Quantum channels}{}% 20
\BOOKMARK [2][-]{section*.21}{Quantum processes}{section*.20}% 21
\BOOKMARK [2][-]{section*.22}{Quantum processes in quantum networks}{section*.20}% 22
\BOOKMARK [2][-]{section*.23}{Characterising quantum channels}{section*.20}% 23
\BOOKMARK [1][-]{section*.24}{Optical encoding of quantum information}{}% 24
\BOOKMARK [2][-]{section*.25}{Single-photons}{section*.24}% 25
\BOOKMARK [2][-]{section*.26}{Photon-number}{section*.24}% 26
\BOOKMARK [2][-]{section*.27}{Spatio-temporal}{section*.24}% 27
\BOOKMARK [2][-]{section*.28}{Time-bins}{section*.24}% 28
\BOOKMARK [2][-]{section*.29}{Coherent states}{section*.24}% 29
\BOOKMARK [2][-]{section*.30}{Cat states}{section*.24}% 30
\BOOKMARK [2][-]{section*.31}{Thermal states}{section*.24}% 31
\BOOKMARK [2][-]{section*.32}{More exotic states of light}{section*.24}% 32
\BOOKMARK [1][-]{section*.33}{Errors in quantum networks}{}% 33
\BOOKMARK [2][-]{section*.34}{Known unitaries}{section*.33}% 34
\BOOKMARK [2][-]{section*.35}{Loss}{section*.33}% 35
\BOOKMARK [2][-]{section*.36}{Dephasing}{section*.33}% 36
\BOOKMARK [2][-]{section*.37}{Depolarisation}{section*.33}% 37
\BOOKMARK [2][-]{section*.38}{Amplitude damping}{section*.33}% 38
\BOOKMARK [2][-]{section*.39}{Mode-mismatch}{section*.33}% 39
\BOOKMARK [1][-]{section*.40}{Quantum cost metrics}{}% 40
\BOOKMARK [2][-]{section*.41}{Efficiency}{section*.40}% 41
\BOOKMARK [2][-]{section*.42}{Decoherence}{section*.40}% 42
\BOOKMARK [2][-]{section*.43}{Fidelity}{section*.40}% 43
\BOOKMARK [2][-]{section*.44}{Purity}{section*.40}% 44
\BOOKMARK [2][-]{section*.45}{Entanglement}{section*.40}% 45
\BOOKMARK [2][-]{section*.46}{Channel capacity}{section*.40}% 46
\BOOKMARK [2][-]{section*.47}{Latency}{section*.40}% 47
\BOOKMARK [2][-]{section*.48}{Dollars}{section*.40}% 48
\BOOKMARK [2][-]{section*.49}{Costs as distance metrics}{section*.40}% 49
\BOOKMARK [2][-]{section*.50}{Non-trivial node operations}{section*.40}% 50
\BOOKMARK [1][-]{section*.51}{Quantum transmission control protocol \(QTCP\)}{}% 51
\BOOKMARK [1][-]{section*.52}{QTCP protocol stack}{}% 52
\BOOKMARK [2][-]{section*.53}{Data \(message\)}{section*.52}% 53
\BOOKMARK [3][-]{section*.54}{Quantum data}{section*.53}% 54
\BOOKMARK [3][-]{section*.55}{Classical data}{section*.53}% 55
\BOOKMARK [2][-]{section*.56}{Packet}{section*.52}% 56
\BOOKMARK [3][-]{section*.57}{Packet data}{section*.56}% 57
\BOOKMARK [3][-]{section*.58}{Packet header}{section*.56}% 58
\BOOKMARK [2][-]{section*.59}{Strategy}{section*.52}% 59
\BOOKMARK [2][-]{section*.60}{Transport}{section*.52}% 60
\BOOKMARK [2][-]{section*.61}{Reconstruction}{section*.52}% 61
\BOOKMARK [2][-]{section*.62}{Quality of service \(QoS\)}{section*.52}% 62
\BOOKMARK [2][-]{section*.63}{Services \046 applications}{section*.52}% 63
\BOOKMARK [1][-]{section*.64}{Collision handling \046 classical errors}{}% 64
\BOOKMARK [1][-]{section*.65}{Strategies}{}% 65
\BOOKMARK [2][-]{section*.66}{Single user \(shortest-path\)}{section*.65}% 66
\BOOKMARK [2][-]{section*.67}{Multiple users}{section*.65}% 67
\BOOKMARK [2][-]{section*.68}{Round robin}{section*.65}% 68
\BOOKMARK [2][-]{section*.69}{Data priority}{section*.65}% 69
\BOOKMARK [2][-]{section*.70}{Randomisation}{section*.65}% 70
\BOOKMARK [2][-]{section*.71}{Cost priority}{section*.65}% 71
\BOOKMARK [2][-]{section*.72}{All or nothing}{section*.65}% 72
\BOOKMARK [2][-]{section*.73}{Optimal flow}{section*.65}% 73
\BOOKMARK [1][-]{section*.74}{Extensibility of QTCP}{}% 74
\BOOKMARK [1][-]{section*.75}{Scalability of QTCP}{}% 75
\BOOKMARK [1][-]{section*.76}{Message- vs. Packet-Level Routing}{}% 76
\BOOKMARK [1][-]{section*.77}{Interconnecting \046 interfacing quantum networks}{}% 77
\BOOKMARK [1][-]{section*.78}{Network topologies}{}% 78
\BOOKMARK [2][-]{section*.79}{Complete}{section*.78}% 79
\BOOKMARK [2][-]{section*.80}{Lattice}{section*.78}% 80
\BOOKMARK [2][-]{section*.81}{Tree}{section*.78}% 81
\BOOKMARK [3][-]{section*.82}{Balanced tree}{section*.81}% 82
\BOOKMARK [3][-]{section*.83}{Random tree}{section*.81}% 83
\BOOKMARK [3][-]{section*.84}{Minimum spanning tree}{section*.81}% 84
\BOOKMARK [3][-]{section*.85}{The internet webgraph}{section*.81}% 85
\BOOKMARK [2][-]{section*.86}{Random}{section*.78}% 86
\BOOKMARK [2][-]{section*.87}{Hybrid}{section*.78}% 87
\BOOKMARK [2][-]{section*.88}{Scale-free networks}{section*.78}% 88
\BOOKMARK [1][-]{section*.89}{Network algorithms}{}% 89
\BOOKMARK [2][-]{section*.90}{Network exploration \046 pathfinding}{section*.89}% 90
\BOOKMARK [2][-]{section*.91}{Shortest-path}{section*.89}% 91
\BOOKMARK [2][-]{section*.92}{Minimum spanning tree}{section*.89}% 92
\BOOKMARK [2][-]{section*.93}{Minimum cost flow}{section*.89}% 93
\BOOKMARK [2][-]{section*.94}{Maximum flow}{section*.89}% 94
\BOOKMARK [2][-]{section*.95}{Multi-commodity flow}{section*.89}% 95
\BOOKMARK [1][-]{section*.96}{Protocols for the quantum internet}{}% 96
\BOOKMARK [2][-]{section*.97}{State preparation}{section*.96}% 97
\BOOKMARK [3][-]{section*.98}{Coherent states}{section*.97}% 98
\BOOKMARK [3][-]{section*.99}{Single-photons}{section*.97}% 99
\BOOKMARK [3][-]{section*.100}{NOON states}{section*.97}% 100
\BOOKMARK [3][-]{section*.101}{Cluster states}{section*.97}% 101
\BOOKMARK [3][-]{section*.102}{Greenberger-Horne-Zeilinger states}{section*.97}% 102
\BOOKMARK [3][-]{section*.103}{Bell states}{section*.97}% 103
\BOOKMARK [3][-]{section*.104}{Cat states}{section*.97}% 104
\BOOKMARK [3][-]{section*.105}{More exotic states of light}{section*.97}% 105
\BOOKMARK [3][-]{section*.106}{Matter qubits}{section*.97}% 106
\BOOKMARK [2][-]{section*.107}{Measurement}{section*.96}% 107
\BOOKMARK [3][-]{section*.108}{Photodetection}{section*.107}% 108
\BOOKMARK [3][-]{section*.109}{Homodyning}{section*.107}% 109
\BOOKMARK [3][-]{section*.110}{Bell state projection}{section*.107}% 110
\BOOKMARK [3][-]{section*.111}{Detector banks}{section*.107}% 111
\BOOKMARK [3][-]{section*.112}{Matter qubits}{section*.107}% 112
\BOOKMARK [2][-]{section*.113}{Evolution}{section*.96}% 113
\BOOKMARK [2][-]{section*.114}{Memory}{section*.96}% 114
\BOOKMARK [2][-]{section*.115}{Optical interfacing}{section*.96}% 115
\BOOKMARK [2][-]{section*.116}{Entanglement purification}{section*.96}% 116
\BOOKMARK [2][-]{section*.117}{Quantum teleportation}{section*.96}% 117
\BOOKMARK [2][-]{section*.118}{Entanglement swapping}{section*.96}% 118
\BOOKMARK [2][-]{section*.119}{Quantum repeater networks}{section*.96}% 119
\BOOKMARK [2][-]{section*.120}{Quantum key distribution}{section*.96}% 120
\BOOKMARK [2][-]{section*.121}{Quantum anonymous broadcasting}{section*.96}% 121
\BOOKMARK [2][-]{section*.122}{Superdense coding}{section*.96}% 122
\BOOKMARK [2][-]{section*.123}{Quantum metrology}{section*.96}% 123
\BOOKMARK [1][-]{section*.124}{Cloud quantum computing}{}% 124
\BOOKMARK [2][-]{section*.125}{Outsourced quantum computation}{section*.124}% 125
\BOOKMARK [2][-]{section*.126}{Distributed quantum computation}{section*.124}% 126
\BOOKMARK [2][-]{section*.127}{Delegated quantum computation}{section*.124}% 127
\BOOKMARK [2][-]{section*.128}{Cluster states}{section*.124}% 128
\BOOKMARK [2][-]{section*.129}{Universal linear optics}{section*.124}% 129
\BOOKMARK [2][-]{section*.130}{Passive linear optics}{section*.124}% 130
\BOOKMARK [2][-]{section*.131}{Continuous variables}{section*.124}% 131
\BOOKMARK [2][-]{section*.132}{Hybrid architectures}{section*.124}% 132
\BOOKMARK [2][-]{section*.133}{Encrypted quantum computation}{section*.124}% 133
\BOOKMARK [3][-]{section*.134}{Passive linear optics}{section*.133}% 134
\BOOKMARK [3][-]{section*.135}{Cluster states}{section*.133}% 135
\BOOKMARK [3][-]{section*.136}{Universal quantum computation}{section*.133}% 136
\BOOKMARK [2][-]{section*.137}{Modularisation}{section*.124}% 137
\BOOKMARK [1][-]{section*.138}{State of the art}{}% 138
\BOOKMARK [1][-]{section*.139}{The era of quantum technology}{}% 139
\BOOKMARK [1][-]{section*.140}{The economics of the quantum internet}{}% 140
\BOOKMARK [1][-]{section*.141}{The vision of the global quantum internet}{}% 141
\BOOKMARK [1][-]{section*.142}{Acknowledgments}{}% 142
\BOOKMARK [1][-]{section*.143}{References}{}% 143
